c:\users\daniel\desktop\openglgameengine2022\openglga.0716a3df\x64\debug\vc143.pdb
c:\users\daniel\desktop\openglgameengine2022\openglga.0716a3df\x64\debug\vc143.idb
c:\users\daniel\desktop\openglgameengine2022\openglga.0716a3df\x64\debug\texturemanager.obj
c:\users\daniel\desktop\openglgameengine2022\openglga.0716a3df\x64\debug\gameobject.obj
c:\users\daniel\desktop\openglgameengine2022\openglga.0716a3df\x64\debug\main.obj
c:\users\daniel\desktop\openglgameengine2022\openglga.0716a3df\x64\debug\spriteobject.obj
c:\users\daniel\desktop\openglgameengine2022\openglga.0716a3df\x64\debug\scenemanager.obj
c:\users\daniel\desktop\openglgameengine2022\openglga.0716a3df\x64\debug\scene.obj
c:\users\daniel\desktop\openglgameengine2022\openglga.0716a3df\x64\debug\audiomanager.obj
c:\users\daniel\desktop\openglgameengine2022\openglga.0716a3df\x64\debug\sprite.obj
c:\users\daniel\desktop\openglgameengine2022\openglga.0716a3df\x64\debug\titlescene.obj
c:\users\user\documents\homeworks\c++_ea\c-ea\openglgameengine2022_ver2\openglga.0716a3df\x64\debug\vc143.pdb
c:\users\user\documents\homeworks\c++_ea\c-ea\openglgameengine2022_ver2\openglga.0716a3df\x64\debug\vc143.idb
c:\users\user\documents\homeworks\c++_ea\c-ea\openglgameengine2022_ver2\openglga.0716a3df\x64\debug\titlescene.obj
c:\users\user\documents\homeworks\c++_ea\c-ea\openglgameengine2022_ver2\openglga.0716a3df\x64\debug\texturemanager.obj
c:\users\user\documents\homeworks\c++_ea\c-ea\openglgameengine2022_ver2\openglga.0716a3df\x64\debug\sprite.obj
c:\users\user\documents\homeworks\c++_ea\c-ea\openglgameengine2022_ver2\openglga.0716a3df\x64\debug\scenemanager.obj
c:\users\user\documents\homeworks\c++_ea\c-ea\openglgameengine2022_ver2\openglga.0716a3df\x64\debug\scene.obj
c:\users\user\documents\homeworks\c++_ea\c-ea\openglgameengine2022_ver2\openglga.0716a3df\x64\debug\main.obj
c:\users\user\documents\homeworks\c++_ea\c-ea\openglgameengine2022_ver2\openglga.0716a3df\x64\debug\gameobject.obj
c:\users\user\documents\homeworks\c++_ea\c-ea\openglgameengine2022_ver2\openglga.0716a3df\x64\debug\audiomanager.obj
c:\users\user\documents\homeworks\c++_ea\c-ea\openglgameengine2022_ver2\openglga.0716a3df\x64\debug\gamescene.obj
c:\users\250266365\desktop\c-ea\openglgameengine2022_ver2\openglga.0716a3df\x64\debug\vc143.pdb
c:\users\250266365\desktop\c-ea\openglgameengine2022_ver2\openglga.0716a3df\x64\debug\vc143.idb
c:\users\250266365\desktop\c-ea\openglgameengine2022_ver2\openglga.0716a3df\x64\debug\titlescene.obj
c:\users\250266365\desktop\c-ea\openglgameengine2022_ver2\openglga.0716a3df\x64\debug\texturemanager.obj
c:\users\250266365\desktop\c-ea\openglgameengine2022_ver2\openglga.0716a3df\x64\debug\sprite.obj
c:\users\250266365\desktop\c-ea\openglgameengine2022_ver2\openglga.0716a3df\x64\debug\scenemanager.obj
c:\users\250266365\desktop\c-ea\openglgameengine2022_ver2\openglga.0716a3df\x64\debug\scene.obj
c:\users\250266365\desktop\c-ea\openglgameengine2022_ver2\openglga.0716a3df\x64\debug\main.obj
c:\users\250266365\desktop\c-ea\openglgameengine2022_ver2\openglga.0716a3df\x64\debug\gamescene.obj
c:\users\250266365\desktop\c-ea\openglgameengine2022_ver2\openglga.0716a3df\x64\debug\gameobject.obj
c:\users\250266365\desktop\c-ea\openglgameengine2022_ver2\openglga.0716a3df\x64\debug\audiomanager.obj
c:\users\250266365\desktop\c-ea\openglgameengine2022_ver2\openglga.0716a3df\x64\debug\spriteobject.obj
c:\users\250266365\desktop\c-ea\openglgameengine2022_ver2\x64\debug\openglgameengine2022.pdb
c:\users\250266365\desktop\c-ea\openglgameengine2022_ver2\openglga.0716a3df\x64\debug\openglga.0716a3df.tlog\cl.command.1.tlog
c:\users\250266365\desktop\c-ea\openglgameengine2022_ver2\openglga.0716a3df\x64\debug\openglga.0716a3df.tlog\cl.read.1.tlog
c:\users\250266365\desktop\c-ea\openglgameengine2022_ver2\openglga.0716a3df\x64\debug\openglga.0716a3df.tlog\cl.write.1.tlog
c:\users\250266365\desktop\c-ea\openglgameengine2022_ver2\openglga.0716a3df\x64\debug\openglga.0716a3df.tlog\link-cvtres.read.1.tlog
c:\users\250266365\desktop\c-ea\openglgameengine2022_ver2\openglga.0716a3df\x64\debug\openglga.0716a3df.tlog\link-cvtres.write.1.tlog
c:\users\250266365\desktop\c-ea\openglgameengine2022_ver2\openglga.0716a3df\x64\debug\openglga.0716a3df.tlog\link-rc.read.1.tlog
c:\users\250266365\desktop\c-ea\openglgameengine2022_ver2\openglga.0716a3df\x64\debug\openglga.0716a3df.tlog\link-rc.write.1.tlog
c:\users\250266365\desktop\c-ea\openglgameengine2022_ver2\openglga.0716a3df\x64\debug\openglga.0716a3df.tlog\link.command.1.tlog
c:\users\250266365\desktop\c-ea\openglgameengine2022_ver2\openglga.0716a3df\x64\debug\openglga.0716a3df.tlog\link.read.1.tlog
c:\users\250266365\desktop\c-ea\openglgameengine2022_ver2\openglga.0716a3df\x64\debug\openglga.0716a3df.tlog\link.read.2.tlog
c:\users\250266365\desktop\c-ea\openglgameengine2022_ver2\openglga.0716a3df\x64\debug\openglga.0716a3df.tlog\link.read.3.tlog
c:\users\250266365\desktop\c-ea\openglgameengine2022_ver2\openglga.0716a3df\x64\debug\openglga.0716a3df.tlog\link.read.4.tlog
c:\users\250266365\desktop\c-ea\openglgameengine2022_ver2\openglga.0716a3df\x64\debug\openglga.0716a3df.tlog\link.read.5.tlog
c:\users\250266365\desktop\c-ea\openglgameengine2022_ver2\openglga.0716a3df\x64\debug\openglga.0716a3df.tlog\link.write.1.tlog
